[2026-07-04T01:22:43.003Z] [INFO] [N/A] Server started {
  "service": "express-api",
  "port": "3000",
  "environment": "development"
}
[2026-07-04 04:22:57] [INFO] [00151d83-00cb-49b8-ae1c-fc37b200623d] Request completed {
  "service": "express-api",
  "method": "GET",
  "path": "/health",
  "statusCode": 200,
  "responseTime": "4ms"
}
[2026-07-04 04:24:46] [ERROR] [unknown] Request error [User: anonymous]
SyntaxError: Expected double-quoted property name in JSON at position 92 (line 5 column 1)
    at JSON.parse (<anonymous>)
    at parse (C:\Users\MegaMini\Desktop\portfolyo\express-rate-limiter-logging-middleware\node_modules\body-parser\lib\types\json.js:91:21)
    at C:\Users\MegaMini\Desktop\portfolyo\express-rate-limiter-logging-middleware\node_modules\body-parser\lib\read.js:162:18
    at AsyncResource.runInAsyncScope (node:async_hooks:214:14)
    at invokeCallback (C:\Users\MegaMini\Desktop\portfolyo\express-rate-limiter-logging-middleware\node_modules\raw-body\index.js:238:16)
    at done (C:\Users\MegaMini\Desktop\portfolyo\express-rate-limiter-logging-middleware\node_modules\raw-body\index.js:227:7)
    at IncomingMessage.onEnd (C:\Users\MegaMini\Desktop\portfolyo\express-rate-limiter-logging-middleware\node_modules\raw-body\index.js:287:7)
    at IncomingMessage.emit (node:events:518:28)
    at endReadableNT (node:internal/streams/readable:1698:12)
    at process.processTicksAndRejections (node:internal/process/task_queues:90:21)
[2026-07-04 04:24:53] [INFO] [cc3ea153-6e11-4f1d-803e-c2100a0da84a] User registered successfully [User: 16703] {
  "service": "express-api",
  "email": "john@example.com"
}
[2026-07-04 04:24:53] [INFO] [cc3ea153-6e11-4f1d-803e-c2100a0da84a] Request completed {
  "service": "express-api",
  "method": "POST",
  "path": "/register",
  "statusCode": 201,
  "responseTime": "79ms"
}
[2026-07-04 04:25:16] [INFO] [1ffb3443-63f8-4076-9a63-35dc80c0816b] User logged in successfully [User: 16703] {
  "service": "express-api",
  "email": "john@example.com"
}
[2026-07-04 04:25:16] [INFO] [1ffb3443-63f8-4076-9a63-35dc80c0816b] Request completed {
  "service": "express-api",
  "method": "POST",
  "path": "/login",
  "statusCode": 200,
  "responseTime": "57ms"
}
[2026-07-04 04:25:46] [DEBUG] [6ad45a52-d7b3-42a3-87c9-a50e594fb53d] User authenticated [User: 16703] {
  "service": "express-api",
  "path": "/"
}
[2026-07-04 04:25:46] [INFO] [6ad45a52-d7b3-42a3-87c9-a50e594fb53d] Fetching all users [User: 16703] {
  "service": "express-api"
}
[2026-07-04 04:25:46] [INFO] [6ad45a52-d7b3-42a3-87c9-a50e594fb53d] Request completed {
  "service": "express-api",
  "method": "GET",
  "path": "/",
  "statusCode": 200,
  "responseTime": "3ms"
}
[2026-07-04 04:26:05] [WARN] [6336ae88-b7d9-4bac-8ed6-e9c9ce71088b] Failed login attempt {
  "service": "express-api",
  "email": "john@example.com",
  "ip": "::ffff:127.0.0.1"
}
[2026-07-04 04:26:05] [INFO] [6336ae88-b7d9-4bac-8ed6-e9c9ce71088b] Request completed {
  "service": "express-api",
  "method": "POST",
  "path": "/login",
  "statusCode": 401,
  "responseTime": "58ms"
}
[2026-07-04 04:26:06] [WARN] [f539e0e4-f2d6-49e6-9965-9b8bfeae9202] Failed login attempt {
  "service": "express-api",
  "email": "john@example.com",
  "ip": "::ffff:127.0.0.1"
}
[2026-07-04 04:26:06] [INFO] [f539e0e4-f2d6-49e6-9965-9b8bfeae9202] Request completed {
  "service": "express-api",
  "method": "POST",
  "path": "/login",
  "statusCode": 401,
  "responseTime": "58ms"
}
[2026-07-04 04:26:06] [WARN] [b933fa8c-be2a-490e-8f53-44aa30273961] Failed login attempt {
  "service": "express-api",
  "email": "john@example.com",
  "ip": "::ffff:127.0.0.1"
}
[2026-07-04 04:26:06] [INFO] [b933fa8c-be2a-490e-8f53-44aa30273961] Request completed {
  "service": "express-api",
  "method": "POST",
  "path": "/login",
  "statusCode": 401,
  "responseTime": "57ms"
}
[2026-07-04 04:26:07] [WARN] [b796561f-1809-4849-ad12-97b436f3b827] Rate limit exceeded [User: anonymous] {
  "service": "express-api",
  "ip": "::ffff:127.0.0.1",
  "path": "/login"
}
[2026-07-04 04:26:07] [INFO] [b796561f-1809-4849-ad12-97b436f3b827] Request completed {
  "service": "express-api",
  "method": "POST",
  "path": "/login",
  "statusCode": 429,
  "responseTime": "1ms"
}
[2026-07-04 04:26:07] [WARN] [97a57484-1bc1-4e49-aac8-78557cb11976] Rate limit exceeded [User: anonymous] {
  "service": "express-api",
  "ip": "::ffff:127.0.0.1",
  "path": "/login"
}
[2026-07-04 04:26:07] [INFO] [97a57484-1bc1-4e49-aac8-78557cb11976] Request completed {
  "service": "express-api",
  "method": "POST",
  "path": "/login",
  "statusCode": 429,
  "responseTime": "1ms"
}
[2026-07-04 04:26:07] [WARN] [87bac3ec-87b1-4cac-8e17-5a6432199be4] Rate limit exceeded [User: anonymous] {
  "service": "express-api",
  "ip": "::ffff:127.0.0.1",
  "path": "/login"
}
[2026-07-04 04:26:07] [INFO] [87bac3ec-87b1-4cac-8e17-5a6432199be4] Request completed {
  "service": "express-api",
  "method": "POST",
  "path": "/login",
  "statusCode": 429,
  "responseTime": "1ms"
}
[2026-07-04 04:27:41] [INFO] [999efaf5-92fa-4ad0-a9b7-3848c7a92409] Request completed {
  "service": "express-api",
  "method": "GET",
  "path": "/ready",
  "statusCode": 200,
  "responseTime": "1ms"
}
[2026-07-04T01:51:52.131Z] [INFO] [N/A] Server started {
  "service": "express-api",
  "port": "3000",
  "environment": "development"
}
[2026-07-06T00:20:46.475Z] [INFO] [N/A] Server started {
  "service": "express-api",
  "port": "3000",
  "environment": "development"
}
[2026-07-06T00:25:31.242Z] [INFO] [N/A] Server started {
  "service": "express-api",
  "port": "3000",
  "environment": "development"
}
[2026-07-06T00:25:36.788Z] [INFO] [N/A] Server started {
  "service": "express-api",
  "port": "3000",
  "environment": "development"
}
[2026-07-06 03:26:30] [INFO] [N/A] SIGINT signal received: closing HTTP server {
  "service": "express-api"
}
[2026-07-06T00:26:32.748Z] [INFO] [N/A] Server started {
  "service": "express-api",
  "port": "3000",
  "environment": "development"
}
[2026-07-06 03:26:43] [WARN] [d9b08f65-4e06-4a99-bf68-36eb80c32dd9] Route not found {
  "service": "express-api",
  "path": "/",
  "method": "GET",
  "ip": "::1"
}
[2026-07-06 03:26:43] [INFO] [d9b08f65-4e06-4a99-bf68-36eb80c32dd9] Request completed {
  "service": "express-api",
  "method": "GET",
  "path": "/",
  "statusCode": 404,
  "responseTime": "8ms"
}
[2026-07-06 03:26:43] [WARN] [ed6b7cfe-d610-4027-aefa-d00805aff2d9] Route not found {
  "service": "express-api",
  "path": "/favicon.ico",
  "method": "GET",
  "ip": "::1"
}
[2026-07-06 03:26:43] [INFO] [ed6b7cfe-d610-4027-aefa-d00805aff2d9] Request completed {
  "service": "express-api",
  "method": "GET",
  "path": "/favicon.ico",
  "statusCode": 404,
  "responseTime": "2ms"
}
[2026-07-06T00:40:02.775Z] [INFO] [N/A] Server started {
  "service": "express-api",
  "port": "3000",
  "environment": "development"
}
